Analysis & Synthesis report for pan_tilt
Tue Apr  1 17:03:46 2025
Quartus Prime Version 23.1std.0 Build 991 11/28/2023 SC Lite Edition


---------------------
; Table of Contents ;
---------------------
  1. Legal Notice
  2. Analysis & Synthesis Summary
  3. Analysis & Synthesis Settings
  4. Parallel Compilation
  5. Analysis & Synthesis Source Files Read
  6. Analysis & Synthesis Resource Usage Summary
  7. Analysis & Synthesis Resource Utilization by Entity
  8. General Register Statistics
  9. Parameter Settings for User Entity Instance: servo:SERVO_PAN|counter:CLOCK_GEN
 10. Parameter Settings for User Entity Instance: servo:SERVO_TILT|counter:CLOCK_GEN
 11. Port Connectivity Checks: "servo:SERVO_TILT"
 12. Port Connectivity Checks: "servo:SERVO_PAN"
 13. Post-Synthesis Netlist Statistics for Top Partition
 14. Elapsed Time Per Partition
 15. Analysis & Synthesis Messages



----------------
; Legal Notice ;
----------------
Copyright (C) 2023  Intel Corporation. All rights reserved.
Your use of Intel Corporation's design tools, logic functions 
and other software and tools, and any partner logic 
functions, and any output files from any of the foregoing 
(including device programming or simulation files), and any 
associated documentation or information are expressly subject 
to the terms and conditions of the Intel Program License 
Subscription Agreement, the Intel Quartus Prime License Agreement,
the Intel FPGA IP License Agreement, or other applicable license
agreement, including, without limitation, that your use is for
the sole purpose of programming logic devices manufactured by
Intel and sold by Intel or its authorized distributors.  Please
refer to the applicable agreement for further details, at
https://fpgasoftware.intel.com/eula.



+----------------------------------------------------------------------------------+
; Analysis & Synthesis Summary                                                     ;
+---------------------------------+------------------------------------------------+
; Analysis & Synthesis Status     ; Successful - Tue Apr  1 17:03:45 2025          ;
; Quartus Prime Version           ; 23.1std.0 Build 991 11/28/2023 SC Lite Edition ;
; Revision Name                   ; pan_tilt                                       ;
; Top-level Entity Name           ; pan_tilt                                       ;
; Family                          ; Cyclone V                                      ;
; Logic utilization (in ALMs)     ; N/A                                            ;
; Total registers                 ; 0                                              ;
; Total pins                      ; 106                                            ;
; Total virtual pins              ; 0                                              ;
; Total block memory bits         ; 0                                              ;
; Total DSP Blocks                ; 0                                              ;
; Total HSSI RX PCSs              ; 0                                              ;
; Total HSSI PMA RX Deserializers ; 0                                              ;
; Total HSSI TX PCSs              ; 0                                              ;
; Total HSSI PMA TX Serializers   ; 0                                              ;
; Total PLLs                      ; 0                                              ;
; Total DLLs                      ; 0                                              ;
+---------------------------------+------------------------------------------------+


+---------------------------------------------------------------------------------------------------------------------------+
; Analysis & Synthesis Settings                                                                                             ;
+---------------------------------------------------------------------------------+--------------------+--------------------+
; Option                                                                          ; Setting            ; Default Value      ;
+---------------------------------------------------------------------------------+--------------------+--------------------+
; Device                                                                          ; 5CSEMA5F31C6       ;                    ;
; Top-level entity name                                                           ; pan_tilt           ; pan_tilt           ;
; Family name                                                                     ; Cyclone V          ; Cyclone V          ;
; Use smart compilation                                                           ; Off                ; Off                ;
; Enable parallel Assembler and Timing Analyzer during compilation                ; On                 ; On                 ;
; Enable compact report table                                                     ; Off                ; Off                ;
; Restructure Multiplexers                                                        ; Auto               ; Auto               ;
; MLAB Add Timing Constraints For Mixed-Port Feed-Through Mode Setting Don't Care ; Off                ; Off                ;
; Create Debugging Nodes for IP Cores                                             ; Off                ; Off                ;
; Preserve fewer node names                                                       ; On                 ; On                 ;
; Intel FPGA IP Evaluation Mode                                                   ; Enable             ; Enable             ;
; Verilog Version                                                                 ; Verilog_2001       ; Verilog_2001       ;
; VHDL Version                                                                    ; VHDL_1993          ; VHDL_1993          ;
; State Machine Processing                                                        ; Auto               ; Auto               ;
; Safe State Machine                                                              ; Off                ; Off                ;
; Extract Verilog State Machines                                                  ; On                 ; On                 ;
; Extract VHDL State Machines                                                     ; On                 ; On                 ;
; Ignore Verilog initial constructs                                               ; Off                ; Off                ;
; Iteration limit for constant Verilog loops                                      ; 5000               ; 5000               ;
; Iteration limit for non-constant Verilog loops                                  ; 250                ; 250                ;
; Add Pass-Through Logic to Inferred RAMs                                         ; On                 ; On                 ;
; Infer RAMs from Raw Logic                                                       ; On                 ; On                 ;
; Parallel Synthesis                                                              ; On                 ; On                 ;
; DSP Block Balancing                                                             ; Auto               ; Auto               ;
; NOT Gate Push-Back                                                              ; On                 ; On                 ;
; Power-Up Don't Care                                                             ; On                 ; On                 ;
; Remove Redundant Logic Cells                                                    ; Off                ; Off                ;
; Remove Duplicate Registers                                                      ; On                 ; On                 ;
; Ignore CARRY Buffers                                                            ; Off                ; Off                ;
; Ignore CASCADE Buffers                                                          ; Off                ; Off                ;
; Ignore GLOBAL Buffers                                                           ; Off                ; Off                ;
; Ignore ROW GLOBAL Buffers                                                       ; Off                ; Off                ;
; Ignore LCELL Buffers                                                            ; Off                ; Off                ;
; Ignore SOFT Buffers                                                             ; On                 ; On                 ;
; Limit AHDL Integers to 32 Bits                                                  ; Off                ; Off                ;
; Optimization Technique                                                          ; Balanced           ; Balanced           ;
; Carry Chain Length                                                              ; 70                 ; 70                 ;
; Auto Carry Chains                                                               ; On                 ; On                 ;
; Auto Open-Drain Pins                                                            ; On                 ; On                 ;
; Perform WYSIWYG Primitive Resynthesis                                           ; Off                ; Off                ;
; Auto ROM Replacement                                                            ; On                 ; On                 ;
; Auto RAM Replacement                                                            ; On                 ; On                 ;
; Auto DSP Block Replacement                                                      ; On                 ; On                 ;
; Auto Shift Register Replacement                                                 ; Auto               ; Auto               ;
; Allow Shift Register Merging across Hierarchies                                 ; Auto               ; Auto               ;
; Auto Clock Enable Replacement                                                   ; On                 ; On                 ;
; Strict RAM Replacement                                                          ; Off                ; Off                ;
; Allow Synchronous Control Signals                                               ; On                 ; On                 ;
; Force Use of Synchronous Clear Signals                                          ; Off                ; Off                ;
; Auto Resource Sharing                                                           ; Off                ; Off                ;
; Allow Any RAM Size For Recognition                                              ; Off                ; Off                ;
; Allow Any ROM Size For Recognition                                              ; Off                ; Off                ;
; Allow Any Shift Register Size For Recognition                                   ; Off                ; Off                ;
; Use LogicLock Constraints during Resource Balancing                             ; On                 ; On                 ;
; Ignore translate_off and synthesis_off directives                               ; Off                ; Off                ;
; Timing-Driven Synthesis                                                         ; On                 ; On                 ;
; Report Parameter Settings                                                       ; On                 ; On                 ;
; Report Source Assignments                                                       ; On                 ; On                 ;
; Report Connectivity Checks                                                      ; On                 ; On                 ;
; Ignore Maximum Fan-Out Assignments                                              ; Off                ; Off                ;
; Synchronization Register Chain Length                                           ; 3                  ; 3                  ;
; Power Optimization During Synthesis                                             ; Normal compilation ; Normal compilation ;
; HDL message level                                                               ; Level2             ; Level2             ;
; Suppress Register Optimization Related Messages                                 ; Off                ; Off                ;
; Number of Removed Registers Reported in Synthesis Report                        ; 5000               ; 5000               ;
; Number of Swept Nodes Reported in Synthesis Report                              ; 5000               ; 5000               ;
; Number of Inverted Registers Reported in Synthesis Report                       ; 100                ; 100                ;
; Clock MUX Protection                                                            ; On                 ; On                 ;
; Auto Gated Clock Conversion                                                     ; Off                ; Off                ;
; Block Design Naming                                                             ; Auto               ; Auto               ;
; SDC constraint protection                                                       ; Off                ; Off                ;
; Synthesis Effort                                                                ; Auto               ; Auto               ;
; Shift Register Replacement - Allow Asynchronous Clear Signal                    ; On                 ; On                 ;
; Pre-Mapping Resynthesis Optimization                                            ; Off                ; Off                ;
; Analysis & Synthesis Message Level                                              ; Medium             ; Medium             ;
; Disable Register Merging Across Hierarchies                                     ; Auto               ; Auto               ;
; Resource Aware Inference For Block RAM                                          ; On                 ; On                 ;
; Automatic Parallel Synthesis                                                    ; On                 ; On                 ;
; Partial Reconfiguration Bitstream ID                                            ; Off                ; Off                ;
+---------------------------------------------------------------------------------+--------------------+--------------------+


+------------------------------------------+
; Parallel Compilation                     ;
+----------------------------+-------------+
; Processors                 ; Number      ;
+----------------------------+-------------+
; Number detected on machine ; 20          ;
; Maximum allowed            ; 14          ;
;                            ;             ;
; Average used               ; 1.00        ;
; Maximum used               ; 1           ;
;                            ;             ;
; Usage by Processor         ; % Time Used ;
;     Processor 1            ; 100.0%      ;
+----------------------------+-------------+


+----------------------------------------------------------------------------------------------------------------------------------------------------------+
; Analysis & Synthesis Source Files Read                                                                                                                   ;
+----------------------------------+-----------------+------------------------------+------------------------------------------------------------+---------+
; File Name with User-Entered Path ; Used in Netlist ; File Type                    ; File Name with Absolute Path                               ; Library ;
+----------------------------------+-----------------+------------------------------+------------------------------------------------------------+---------+
; ../Driver/servo.sv               ; yes             ; User SystemVerilog HDL File  ; I:/ece554/ECE554-Capstone-Project/Servo/Driver/servo.sv    ;         ;
; ../Driver/counter.sv             ; yes             ; User SystemVerilog HDL File  ; I:/ece554/ECE554-Capstone-Project/Servo/Driver/counter.sv  ;         ;
; pan_tilt.v                       ; yes             ; User Verilog HDL File        ; I:/ece554/ECE554-Capstone-Project/Servo/Quartus/pan_tilt.v ;         ;
+----------------------------------+-----------------+------------------------------+------------------------------------------------------------+---------+


+--------------------------------------------------------------+
; Analysis & Synthesis Resource Usage Summary                  ;
+---------------------------------------------+----------------+
; Resource                                    ; Usage          ;
+---------------------------------------------+----------------+
; Estimate of Logic utilization (ALMs needed) ; 0              ;
;                                             ;                ;
; Combinational ALUT usage for logic          ; 0              ;
;     -- 7 input functions                    ; 0              ;
;     -- 6 input functions                    ; 0              ;
;     -- 5 input functions                    ; 0              ;
;     -- 4 input functions                    ; 0              ;
;     -- <=3 input functions                  ; 0              ;
;                                             ;                ;
; Dedicated logic registers                   ; 0              ;
;                                             ;                ;
; I/O pins                                    ; 106            ;
;                                             ;                ;
; Total DSP Blocks                            ; 0              ;
;                                             ;                ;
; Maximum fan-out node                        ; GPIO[0]~output ;
; Maximum fan-out                             ; 1              ;
; Total fan-out                               ; 142            ;
; Average fan-out                             ; 0.57           ;
+---------------------------------------------+----------------+


+----------------------------------------------------------------------------------------------------------------------------------------------------------------------------------------+
; Analysis & Synthesis Resource Utilization by Entity                                                                                                                                    ;
+----------------------------+---------------------+---------------------------+-------------------+------------+------+--------------+---------------------+-------------+--------------+
; Compilation Hierarchy Node ; Combinational ALUTs ; Dedicated Logic Registers ; Block Memory Bits ; DSP Blocks ; Pins ; Virtual Pins ; Full Hierarchy Name ; Entity Name ; Library Name ;
+----------------------------+---------------------+---------------------------+-------------------+------------+------+--------------+---------------------+-------------+--------------+
; |pan_tilt                  ; 0 (0)               ; 0 (0)                     ; 0                 ; 0          ; 106  ; 0            ; |pan_tilt           ; pan_tilt    ; work         ;
+----------------------------+---------------------+---------------------------+-------------------+------------+------+--------------+---------------------+-------------+--------------+
Note: For table entries with two numbers listed, the numbers in parentheses indicate the number of resources of the given type used by the specific entity alone. The numbers listed outside of parentheses indicate the total resources of the given type used by the specific entity and all of its sub-entities in the hierarchy.


+------------------------------------------------------+
; General Register Statistics                          ;
+----------------------------------------------+-------+
; Statistic                                    ; Value ;
+----------------------------------------------+-------+
; Total registers                              ; 0     ;
; Number of registers using Synchronous Clear  ; 0     ;
; Number of registers using Synchronous Load   ; 0     ;
; Number of registers using Asynchronous Clear ; 0     ;
; Number of registers using Asynchronous Load  ; 0     ;
; Number of registers using Clock Enable       ; 0     ;
; Number of registers using Preset             ; 0     ;
+----------------------------------------------+-------+


+--------------------------------------------------------------------------------+
; Parameter Settings for User Entity Instance: servo:SERVO_PAN|counter:CLOCK_GEN ;
+----------------+----------------------------------+----------------------------+
; Parameter Name ; Value                            ; Type                       ;
+----------------+----------------------------------+----------------------------+
; TICKS_PER_US   ; 00000000000000000000000000110010 ; Unsigned Binary            ;
; PERIOD         ; 00000000000000000010011100010000 ; Unsigned Binary            ;
+----------------+----------------------------------+----------------------------+
Note: In order to hide this table in the UI and the text report file, please set the "Show Parameter Settings in Synthesis Report" option in "Analysis and Synthesis Settings -> More Settings" to "Off".


+---------------------------------------------------------------------------------+
; Parameter Settings for User Entity Instance: servo:SERVO_TILT|counter:CLOCK_GEN ;
+----------------+----------------------------------+-----------------------------+
; Parameter Name ; Value                            ; Type                        ;
+----------------+----------------------------------+-----------------------------+
; TICKS_PER_US   ; 00000000000000000000000000110010 ; Unsigned Binary             ;
; PERIOD         ; 00000000000000000010011100010000 ; Unsigned Binary             ;
+----------------+----------------------------------+-----------------------------+
Note: In order to hide this table in the UI and the text report file, please set the "Show Parameter Settings in Synthesis Report" option in "Analysis and Synthesis Settings -> More Settings" to "Off".


+-------------------------------------------------------------------------------------------------------------------+
; Port Connectivity Checks: "servo:SERVO_TILT"                                                                      ;
+---------+--------+----------+-------------------------------------------------------------------------------------+
; Port    ; Type   ; Severity ; Details                                                                             ;
+---------+--------+----------+-------------------------------------------------------------------------------------+
; angle   ; Input  ; Info     ; Stuck at GND                                                                        ;
; pwm_pin ; Output ; Info     ; Connected to dangling logic. Logic that only feeds a dangling port will be removed. ;
+---------+--------+----------+-------------------------------------------------------------------------------------+


+-------------------------------------------------------------------------------------------------------------------+
; Port Connectivity Checks: "servo:SERVO_PAN"                                                                       ;
+---------+--------+----------+-------------------------------------------------------------------------------------+
; Port    ; Type   ; Severity ; Details                                                                             ;
+---------+--------+----------+-------------------------------------------------------------------------------------+
; angle   ; Input  ; Info     ; Stuck at GND                                                                        ;
; pwm_pin ; Output ; Info     ; Connected to dangling logic. Logic that only feeds a dangling port will be removed. ;
+---------+--------+----------+-------------------------------------------------------------------------------------+


+-----------------------------------------------------+
; Post-Synthesis Netlist Statistics for Top Partition ;
+-----------------------+-----------------------------+
; Type                  ; Count                       ;
+-----------------------+-----------------------------+
; arriav_io_obuf        ; 36                          ;
; arriav_lcell_comb     ; 1                           ;
;     normal            ; 1                           ;
;         0 data inputs ; 1                           ;
; boundary_port         ; 106                         ;
;                       ;                             ;
; Max LUT depth         ; 0.00                        ;
; Average LUT depth     ; 0.00                        ;
+-----------------------+-----------------------------+


+-------------------------------+
; Elapsed Time Per Partition    ;
+----------------+--------------+
; Partition Name ; Elapsed Time ;
+----------------+--------------+
; Top            ; 00:00:00     ;
+----------------+--------------+


+-------------------------------+
; Analysis & Synthesis Messages ;
+-------------------------------+
Info: *******************************************************************
Info: Running Quartus Prime Analysis & Synthesis
    Info: Version 23.1std.0 Build 991 11/28/2023 SC Lite Edition
    Info: Processing started: Tue Apr  1 17:03:37 2025
Info: Command: quartus_map --read_settings_files=on --write_settings_files=off pan_tilt -c pan_tilt
Warning (18236): Number of processors has not been specified which may cause overloading on shared machines.  Set the global assignment NUM_PARALLEL_PROCESSORS in your QSF to an appropriate value for best performance.
Info (20030): Parallel compilation is enabled and will use 14 of the 14 processors detected
Info (12021): Found 1 design units, including 1 entities, in source file /ece554/ece554-capstone-project/servo/driver/servo.sv
    Info (12023): Found entity 1: servo File: I:/ece554/ECE554-Capstone-Project/Servo/Driver/servo.sv Line: 1
Info (12021): Found 1 design units, including 1 entities, in source file /ece554/ece554-capstone-project/servo/driver/counter.sv
    Info (12023): Found entity 1: counter File: I:/ece554/ECE554-Capstone-Project/Servo/Driver/counter.sv Line: 1
Info (12021): Found 1 design units, including 1 entities, in source file pan_tilt.v
    Info (12023): Found entity 1: pan_tilt File: I:/ece554/ECE554-Capstone-Project/Servo/Quartus/pan_tilt.v Line: 6
Warning (10236): Verilog HDL Implicit Net warning at pan_tilt.v(56): created implicit net for "pan" File: I:/ece554/ECE554-Capstone-Project/Servo/Quartus/pan_tilt.v Line: 56
Warning (10236): Verilog HDL Implicit Net warning at pan_tilt.v(63): created implicit net for "tilt" File: I:/ece554/ECE554-Capstone-Project/Servo/Quartus/pan_tilt.v Line: 63
Info (12127): Elaborating entity "pan_tilt" for the top level hierarchy
Warning (10858): Verilog HDL warning at pan_tilt.v(35): object pan_pwm used but never assigned File: I:/ece554/ECE554-Capstone-Project/Servo/Quartus/pan_tilt.v Line: 35
Warning (10858): Verilog HDL warning at pan_tilt.v(36): object tilt_pwm used but never assigned File: I:/ece554/ECE554-Capstone-Project/Servo/Quartus/pan_tilt.v Line: 36
Warning (10030): Net "pan_pwm" at pan_tilt.v(35) has no driver or initial value, using a default initial value '0' File: I:/ece554/ECE554-Capstone-Project/Servo/Quartus/pan_tilt.v Line: 35
Warning (10030): Net "tilt_pwm" at pan_tilt.v(36) has no driver or initial value, using a default initial value '0' File: I:/ece554/ECE554-Capstone-Project/Servo/Quartus/pan_tilt.v Line: 36
Warning (10034): Output port "HEX0" at pan_tilt.v(15) has no driver File: I:/ece554/ECE554-Capstone-Project/Servo/Quartus/pan_tilt.v Line: 15
Warning (10034): Output port "HEX1" at pan_tilt.v(16) has no driver File: I:/ece554/ECE554-Capstone-Project/Servo/Quartus/pan_tilt.v Line: 16
Warning (10034): Output port "HEX2" at pan_tilt.v(17) has no driver File: I:/ece554/ECE554-Capstone-Project/Servo/Quartus/pan_tilt.v Line: 17
Warning (10034): Output port "HEX3" at pan_tilt.v(18) has no driver File: I:/ece554/ECE554-Capstone-Project/Servo/Quartus/pan_tilt.v Line: 18
Warning (10034): Output port "HEX4" at pan_tilt.v(19) has no driver File: I:/ece554/ECE554-Capstone-Project/Servo/Quartus/pan_tilt.v Line: 19
Warning (10034): Output port "HEX5" at pan_tilt.v(20) has no driver File: I:/ece554/ECE554-Capstone-Project/Servo/Quartus/pan_tilt.v Line: 20
Warning (10034): Output port "LEDR" at pan_tilt.v(26) has no driver File: I:/ece554/ECE554-Capstone-Project/Servo/Quartus/pan_tilt.v Line: 26
Info (12128): Elaborating entity "servo" for hierarchy "servo:SERVO_PAN" File: I:/ece554/ECE554-Capstone-Project/Servo/Quartus/pan_tilt.v Line: 57
Warning (10230): Verilog HDL assignment warning at servo.sv(42): truncated value with size 32 to match size of target (16) File: I:/ece554/ECE554-Capstone-Project/Servo/Driver/servo.sv Line: 42
Info (12128): Elaborating entity "counter" for hierarchy "servo:SERVO_PAN|counter:CLOCK_GEN" File: I:/ece554/ECE554-Capstone-Project/Servo/Driver/servo.sv Line: 27
Warning (10230): Verilog HDL assignment warning at counter.sv(26): truncated value with size 32 to match size of target (6) File: I:/ece554/ECE554-Capstone-Project/Servo/Driver/counter.sv Line: 26
Warning (10230): Verilog HDL assignment warning at counter.sv(39): truncated value with size 32 to match size of target (16) File: I:/ece554/ECE554-Capstone-Project/Servo/Driver/counter.sv Line: 39
Warning (13039): The following bidirectional pins have no drivers
    Warning (13040): bidirectional pin "GPIO[2]" has no driver File: I:/ece554/ECE554-Capstone-Project/Servo/Quartus/pan_tilt.v Line: 33
    Warning (13040): bidirectional pin "GPIO[3]" has no driver File: I:/ece554/ECE554-Capstone-Project/Servo/Quartus/pan_tilt.v Line: 33
    Warning (13040): bidirectional pin "GPIO[4]" has no driver File: I:/ece554/ECE554-Capstone-Project/Servo/Quartus/pan_tilt.v Line: 33
    Warning (13040): bidirectional pin "GPIO[5]" has no driver File: I:/ece554/ECE554-Capstone-Project/Servo/Quartus/pan_tilt.v Line: 33
    Warning (13040): bidirectional pin "GPIO[6]" has no driver File: I:/ece554/ECE554-Capstone-Project/Servo/Quartus/pan_tilt.v Line: 33
    Warning (13040): bidirectional pin "GPIO[7]" has no driver File: I:/ece554/ECE554-Capstone-Project/Servo/Quartus/pan_tilt.v Line: 33
    Warning (13040): bidirectional pin "GPIO[8]" has no driver File: I:/ece554/ECE554-Capstone-Project/Servo/Quartus/pan_tilt.v Line: 33
    Warning (13040): bidirectional pin "GPIO[9]" has no driver File: I:/ece554/ECE554-Capstone-Project/Servo/Quartus/pan_tilt.v Line: 33
    Warning (13040): bidirectional pin "GPIO[10]" has no driver File: I:/ece554/ECE554-Capstone-Project/Servo/Quartus/pan_tilt.v Line: 33
    Warning (13040): bidirectional pin "GPIO[11]" has no driver File: I:/ece554/ECE554-Capstone-Project/Servo/Quartus/pan_tilt.v Line: 33
    Warning (13040): bidirectional pin "GPIO[12]" has no driver File: I:/ece554/ECE554-Capstone-Project/Servo/Quartus/pan_tilt.v Line: 33
    Warning (13040): bidirectional pin "GPIO[13]" has no driver File: I:/ece554/ECE554-Capstone-Project/Servo/Quartus/pan_tilt.v Line: 33
    Warning (13040): bidirectional pin "GPIO[14]" has no driver File: I:/ece554/ECE554-Capstone-Project/Servo/Quartus/pan_tilt.v Line: 33
    Warning (13040): bidirectional pin "GPIO[15]" has no driver File: I:/ece554/ECE554-Capstone-Project/Servo/Quartus/pan_tilt.v Line: 33
    Warning (13040): bidirectional pin "GPIO[16]" has no driver File: I:/ece554/ECE554-Capstone-Project/Servo/Quartus/pan_tilt.v Line: 33
    Warning (13040): bidirectional pin "GPIO[17]" has no driver File: I:/ece554/ECE554-Capstone-Project/Servo/Quartus/pan_tilt.v Line: 33
    Warning (13040): bidirectional pin "GPIO[18]" has no driver File: I:/ece554/ECE554-Capstone-Project/Servo/Quartus/pan_tilt.v Line: 33
    Warning (13040): bidirectional pin "GPIO[19]" has no driver File: I:/ece554/ECE554-Capstone-Project/Servo/Quartus/pan_tilt.v Line: 33
    Warning (13040): bidirectional pin "GPIO[20]" has no driver File: I:/ece554/ECE554-Capstone-Project/Servo/Quartus/pan_tilt.v Line: 33
    Warning (13040): bidirectional pin "GPIO[21]" has no driver File: I:/ece554/ECE554-Capstone-Project/Servo/Quartus/pan_tilt.v Line: 33
    Warning (13040): bidirectional pin "GPIO[22]" has no driver File: I:/ece554/ECE554-Capstone-Project/Servo/Quartus/pan_tilt.v Line: 33
    Warning (13040): bidirectional pin "GPIO[23]" has no driver File: I:/ece554/ECE554-Capstone-Project/Servo/Quartus/pan_tilt.v Line: 33
    Warning (13040): bidirectional pin "GPIO[24]" has no driver File: I:/ece554/ECE554-Capstone-Project/Servo/Quartus/pan_tilt.v Line: 33
    Warning (13040): bidirectional pin "GPIO[25]" has no driver File: I:/ece554/ECE554-Capstone-Project/Servo/Quartus/pan_tilt.v Line: 33
    Warning (13040): bidirectional pin "GPIO[26]" has no driver File: I:/ece554/ECE554-Capstone-Project/Servo/Quartus/pan_tilt.v Line: 33
    Warning (13040): bidirectional pin "GPIO[27]" has no driver File: I:/ece554/ECE554-Capstone-Project/Servo/Quartus/pan_tilt.v Line: 33
    Warning (13040): bidirectional pin "GPIO[28]" has no driver File: I:/ece554/ECE554-Capstone-Project/Servo/Quartus/pan_tilt.v Line: 33
    Warning (13040): bidirectional pin "GPIO[29]" has no driver File: I:/ece554/ECE554-Capstone-Project/Servo/Quartus/pan_tilt.v Line: 33
    Warning (13040): bidirectional pin "GPIO[30]" has no driver File: I:/ece554/ECE554-Capstone-Project/Servo/Quartus/pan_tilt.v Line: 33
    Warning (13040): bidirectional pin "GPIO[31]" has no driver File: I:/ece554/ECE554-Capstone-Project/Servo/Quartus/pan_tilt.v Line: 33
    Warning (13040): bidirectional pin "GPIO[32]" has no driver File: I:/ece554/ECE554-Capstone-Project/Servo/Quartus/pan_tilt.v Line: 33
    Warning (13040): bidirectional pin "GPIO[33]" has no driver File: I:/ece554/ECE554-Capstone-Project/Servo/Quartus/pan_tilt.v Line: 33
    Warning (13040): bidirectional pin "GPIO[34]" has no driver File: I:/ece554/ECE554-Capstone-Project/Servo/Quartus/pan_tilt.v Line: 33
    Warning (13040): bidirectional pin "GPIO[35]" has no driver File: I:/ece554/ECE554-Capstone-Project/Servo/Quartus/pan_tilt.v Line: 33
Warning (13032): The following tri-state nodes are fed by constants
    Warning (13033): The pin "GPIO[1]" is fed by GND File: I:/ece554/ECE554-Capstone-Project/Servo/Quartus/pan_tilt.v Line: 33
    Warning (13033): The pin "GPIO[0]" is fed by GND File: I:/ece554/ECE554-Capstone-Project/Servo/Quartus/pan_tilt.v Line: 33
Warning (13024): Output pins are stuck at VCC or GND
    Warning (13410): Pin "HEX0[0]" is stuck at GND File: I:/ece554/ECE554-Capstone-Project/Servo/Quartus/pan_tilt.v Line: 15
    Warning (13410): Pin "HEX0[1]" is stuck at GND File: I:/ece554/ECE554-Capstone-Project/Servo/Quartus/pan_tilt.v Line: 15
    Warning (13410): Pin "HEX0[2]" is stuck at GND File: I:/ece554/ECE554-Capstone-Project/Servo/Quartus/pan_tilt.v Line: 15
    Warning (13410): Pin "HEX0[3]" is stuck at GND File: I:/ece554/ECE554-Capstone-Project/Servo/Quartus/pan_tilt.v Line: 15
    Warning (13410): Pin "HEX0[4]" is stuck at GND File: I:/ece554/ECE554-Capstone-Project/Servo/Quartus/pan_tilt.v Line: 15
    Warning (13410): Pin "HEX0[5]" is stuck at GND File: I:/ece554/ECE554-Capstone-Project/Servo/Quartus/pan_tilt.v Line: 15
    Warning (13410): Pin "HEX0[6]" is stuck at GND File: I:/ece554/ECE554-Capstone-Project/Servo/Quartus/pan_tilt.v Line: 15
    Warning (13410): Pin "HEX1[0]" is stuck at GND File: I:/ece554/ECE554-Capstone-Project/Servo/Quartus/pan_tilt.v Line: 16
    Warning (13410): Pin "HEX1[1]" is stuck at GND File: I:/ece554/ECE554-Capstone-Project/Servo/Quartus/pan_tilt.v Line: 16
    Warning (13410): Pin "HEX1[2]" is stuck at GND File: I:/ece554/ECE554-Capstone-Project/Servo/Quartus/pan_tilt.v Line: 16
    Warning (13410): Pin "HEX1[3]" is stuck at GND File: I:/ece554/ECE554-Capstone-Project/Servo/Quartus/pan_tilt.v Line: 16
    Warning (13410): Pin "HEX1[4]" is stuck at GND File: I:/ece554/ECE554-Capstone-Project/Servo/Quartus/pan_tilt.v Line: 16
    Warning (13410): Pin "HEX1[5]" is stuck at GND File: I:/ece554/ECE554-Capstone-Project/Servo/Quartus/pan_tilt.v Line: 16
    Warning (13410): Pin "HEX1[6]" is stuck at GND File: I:/ece554/ECE554-Capstone-Project/Servo/Quartus/pan_tilt.v Line: 16
    Warning (13410): Pin "HEX2[0]" is stuck at GND File: I:/ece554/ECE554-Capstone-Project/Servo/Quartus/pan_tilt.v Line: 17
    Warning (13410): Pin "HEX2[1]" is stuck at GND File: I:/ece554/ECE554-Capstone-Project/Servo/Quartus/pan_tilt.v Line: 17
    Warning (13410): Pin "HEX2[2]" is stuck at GND File: I:/ece554/ECE554-Capstone-Project/Servo/Quartus/pan_tilt.v Line: 17
    Warning (13410): Pin "HEX2[3]" is stuck at GND File: I:/ece554/ECE554-Capstone-Project/Servo/Quartus/pan_tilt.v Line: 17
    Warning (13410): Pin "HEX2[4]" is stuck at GND File: I:/ece554/ECE554-Capstone-Project/Servo/Quartus/pan_tilt.v Line: 17
    Warning (13410): Pin "HEX2[5]" is stuck at GND File: I:/ece554/ECE554-Capstone-Project/Servo/Quartus/pan_tilt.v Line: 17
    Warning (13410): Pin "HEX2[6]" is stuck at GND File: I:/ece554/ECE554-Capstone-Project/Servo/Quartus/pan_tilt.v Line: 17
    Warning (13410): Pin "HEX3[0]" is stuck at GND File: I:/ece554/ECE554-Capstone-Project/Servo/Quartus/pan_tilt.v Line: 18
    Warning (13410): Pin "HEX3[1]" is stuck at GND File: I:/ece554/ECE554-Capstone-Project/Servo/Quartus/pan_tilt.v Line: 18
    Warning (13410): Pin "HEX3[2]" is stuck at GND File: I:/ece554/ECE554-Capstone-Project/Servo/Quartus/pan_tilt.v Line: 18
    Warning (13410): Pin "HEX3[3]" is stuck at GND File: I:/ece554/ECE554-Capstone-Project/Servo/Quartus/pan_tilt.v Line: 18
    Warning (13410): Pin "HEX3[4]" is stuck at GND File: I:/ece554/ECE554-Capstone-Project/Servo/Quartus/pan_tilt.v Line: 18
    Warning (13410): Pin "HEX3[5]" is stuck at GND File: I:/ece554/ECE554-Capstone-Project/Servo/Quartus/pan_tilt.v Line: 18
    Warning (13410): Pin "HEX3[6]" is stuck at GND File: I:/ece554/ECE554-Capstone-Project/Servo/Quartus/pan_tilt.v Line: 18
    Warning (13410): Pin "HEX4[0]" is stuck at GND File: I:/ece554/ECE554-Capstone-Project/Servo/Quartus/pan_tilt.v Line: 19
    Warning (13410): Pin "HEX4[1]" is stuck at GND File: I:/ece554/ECE554-Capstone-Project/Servo/Quartus/pan_tilt.v Line: 19
    Warning (13410): Pin "HEX4[2]" is stuck at GND File: I:/ece554/ECE554-Capstone-Project/Servo/Quartus/pan_tilt.v Line: 19
    Warning (13410): Pin "HEX4[3]" is stuck at GND File: I:/ece554/ECE554-Capstone-Project/Servo/Quartus/pan_tilt.v Line: 19
    Warning (13410): Pin "HEX4[4]" is stuck at GND File: I:/ece554/ECE554-Capstone-Project/Servo/Quartus/pan_tilt.v Line: 19
    Warning (13410): Pin "HEX4[5]" is stuck at GND File: I:/ece554/ECE554-Capstone-Project/Servo/Quartus/pan_tilt.v Line: 19
    Warning (13410): Pin "HEX4[6]" is stuck at GND File: I:/ece554/ECE554-Capstone-Project/Servo/Quartus/pan_tilt.v Line: 19
    Warning (13410): Pin "HEX5[0]" is stuck at GND File: I:/ece554/ECE554-Capstone-Project/Servo/Quartus/pan_tilt.v Line: 20
    Warning (13410): Pin "HEX5[1]" is stuck at GND File: I:/ece554/ECE554-Capstone-Project/Servo/Quartus/pan_tilt.v Line: 20
    Warning (13410): Pin "HEX5[2]" is stuck at GND File: I:/ece554/ECE554-Capstone-Project/Servo/Quartus/pan_tilt.v Line: 20
    Warning (13410): Pin "HEX5[3]" is stuck at GND File: I:/ece554/ECE554-Capstone-Project/Servo/Quartus/pan_tilt.v Line: 20
    Warning (13410): Pin "HEX5[4]" is stuck at GND File: I:/ece554/ECE554-Capstone-Project/Servo/Quartus/pan_tilt.v Line: 20
    Warning (13410): Pin "HEX5[5]" is stuck at GND File: I:/ece554/ECE554-Capstone-Project/Servo/Quartus/pan_tilt.v Line: 20
    Warning (13410): Pin "HEX5[6]" is stuck at GND File: I:/ece554/ECE554-Capstone-Project/Servo/Quartus/pan_tilt.v Line: 20
    Warning (13410): Pin "LEDR[0]" is stuck at GND File: I:/ece554/ECE554-Capstone-Project/Servo/Quartus/pan_tilt.v Line: 26
    Warning (13410): Pin "LEDR[1]" is stuck at GND File: I:/ece554/ECE554-Capstone-Project/Servo/Quartus/pan_tilt.v Line: 26
    Warning (13410): Pin "LEDR[2]" is stuck at GND File: I:/ece554/ECE554-Capstone-Project/Servo/Quartus/pan_tilt.v Line: 26
    Warning (13410): Pin "LEDR[3]" is stuck at GND File: I:/ece554/ECE554-Capstone-Project/Servo/Quartus/pan_tilt.v Line: 26
    Warning (13410): Pin "LEDR[4]" is stuck at GND File: I:/ece554/ECE554-Capstone-Project/Servo/Quartus/pan_tilt.v Line: 26
    Warning (13410): Pin "LEDR[5]" is stuck at GND File: I:/ece554/ECE554-Capstone-Project/Servo/Quartus/pan_tilt.v Line: 26
    Warning (13410): Pin "LEDR[6]" is stuck at GND File: I:/ece554/ECE554-Capstone-Project/Servo/Quartus/pan_tilt.v Line: 26
    Warning (13410): Pin "LEDR[7]" is stuck at GND File: I:/ece554/ECE554-Capstone-Project/Servo/Quartus/pan_tilt.v Line: 26
    Warning (13410): Pin "LEDR[8]" is stuck at GND File: I:/ece554/ECE554-Capstone-Project/Servo/Quartus/pan_tilt.v Line: 26
    Warning (13410): Pin "LEDR[9]" is stuck at GND File: I:/ece554/ECE554-Capstone-Project/Servo/Quartus/pan_tilt.v Line: 26
Info (16010): Generating hard_block partition "hard_block:auto_generated_inst"
    Info (16011): Adding 0 node(s), including 0 DDIO, 0 PLL, 0 transceiver and 0 LCELL
Warning (21074): Design contains 18 input pin(s) that do not drive logic
    Warning (15610): No output dependent on input pin "CLOCK2_50" File: I:/ece554/ECE554-Capstone-Project/Servo/Quartus/pan_tilt.v Line: 9
    Warning (15610): No output dependent on input pin "CLOCK3_50" File: I:/ece554/ECE554-Capstone-Project/Servo/Quartus/pan_tilt.v Line: 10
    Warning (15610): No output dependent on input pin "CLOCK4_50" File: I:/ece554/ECE554-Capstone-Project/Servo/Quartus/pan_tilt.v Line: 11
    Warning (15610): No output dependent on input pin "CLOCK_50" File: I:/ece554/ECE554-Capstone-Project/Servo/Quartus/pan_tilt.v Line: 12
    Warning (15610): No output dependent on input pin "KEY[0]" File: I:/ece554/ECE554-Capstone-Project/Servo/Quartus/pan_tilt.v Line: 23
    Warning (15610): No output dependent on input pin "KEY[1]" File: I:/ece554/ECE554-Capstone-Project/Servo/Quartus/pan_tilt.v Line: 23
    Warning (15610): No output dependent on input pin "KEY[2]" File: I:/ece554/ECE554-Capstone-Project/Servo/Quartus/pan_tilt.v Line: 23
    Warning (15610): No output dependent on input pin "KEY[3]" File: I:/ece554/ECE554-Capstone-Project/Servo/Quartus/pan_tilt.v Line: 23
    Warning (15610): No output dependent on input pin "SW[0]" File: I:/ece554/ECE554-Capstone-Project/Servo/Quartus/pan_tilt.v Line: 29
    Warning (15610): No output dependent on input pin "SW[1]" File: I:/ece554/ECE554-Capstone-Project/Servo/Quartus/pan_tilt.v Line: 29
    Warning (15610): No output dependent on input pin "SW[2]" File: I:/ece554/ECE554-Capstone-Project/Servo/Quartus/pan_tilt.v Line: 29
    Warning (15610): No output dependent on input pin "SW[3]" File: I:/ece554/ECE554-Capstone-Project/Servo/Quartus/pan_tilt.v Line: 29
    Warning (15610): No output dependent on input pin "SW[4]" File: I:/ece554/ECE554-Capstone-Project/Servo/Quartus/pan_tilt.v Line: 29
    Warning (15610): No output dependent on input pin "SW[5]" File: I:/ece554/ECE554-Capstone-Project/Servo/Quartus/pan_tilt.v Line: 29
    Warning (15610): No output dependent on input pin "SW[6]" File: I:/ece554/ECE554-Capstone-Project/Servo/Quartus/pan_tilt.v Line: 29
    Warning (15610): No output dependent on input pin "SW[7]" File: I:/ece554/ECE554-Capstone-Project/Servo/Quartus/pan_tilt.v Line: 29
    Warning (15610): No output dependent on input pin "SW[8]" File: I:/ece554/ECE554-Capstone-Project/Servo/Quartus/pan_tilt.v Line: 29
    Warning (15610): No output dependent on input pin "SW[9]" File: I:/ece554/ECE554-Capstone-Project/Servo/Quartus/pan_tilt.v Line: 29
Info (21057): Implemented 106 device resources after synthesis - the final resource count might be different
    Info (21058): Implemented 18 input pins
    Info (21059): Implemented 52 output pins
    Info (21060): Implemented 36 bidirectional pins
Info: Quartus Prime Analysis & Synthesis was successful. 0 errors, 127 warnings
    Info: Peak virtual memory: 4808 megabytes
    Info: Processing ended: Tue Apr  1 17:03:46 2025
    Info: Elapsed time: 00:00:09
    Info: Total CPU time (on all processors): 00:00:13


